<?xml version="1.0" encoding="UTF-8"?>
<!-- Generated by org.testng.reporters.JUnitReportReporter -->
<testsuite hostname="suraj-PC" name="com.browserstack.stagetech.BrowserStackTest" tests="1" failures="0" timestamp="16 Jun 2020 08:42:59 GMT" time="15.068" errors="0">
  <testcase name="serachOnBrowser" time="15.068" classname="com.browserstack.stagetech.BrowserStackTest"/>
</testsuite> <!-- com.browserstack.stagetech.BrowserStackTest -->
